#
# A fatal error has been detected by the Java Runtime Environment:
#
#  Internal Error (javaClasses.cpp:124), pid=3996, tid=6560
#  fatal error: Invalid layout of preloaded class
#
# JRE version:  (8.0-b132) (build )
# Java VM: Java HotSpot(TM) 64-Bit Server VM (25.0-b70 mixed mode windows-amd64 compressed oops)
# Failed to write core dump. Minidumps are not enabled by default on client versions of Windows
#
# If you would like to submit a bug report, please visit:
#   http://bugreport.sun.com/bugreport/crash.jsp
#

---------------  T H R E A D  ---------------

Current thread (0x000000000034e000):  JavaThread "Unknown thread" [_thread_in_vm, id=6560, stack(0x0000000002560000,0x0000000002660000)]

Stack: [0x0000000002560000,0x0000000002660000]
Native frames: (J=compiled Java code, j=interpreted, Vv=VM code, C=native code)
V  [jvm.dll+0x308e0a]
V  [jvm.dll+0x25df11]
V  [jvm.dll+0x25eb2f]
V  [jvm.dll+0x256486]
V  [jvm.dll+0x5d36c]
V  [jvm.dll+0x5d463]
V  [jvm.dll+0x71d5a]
V  [jvm.dll+0x720b8]
V  [jvm.dll+0xe1637]
V  [jvm.dll+0xe19c6]
V  [jvm.dll+0x1f1407]
V  [jvm.dll+0x2227e4]
V  [jvm.dll+0x149f91]
C  [javaw.exe+0x208a]
C  [javaw.exe+0xc9db]
C  [javaw.exe+0xca6f]
C  [kernel32.dll+0x1f56d]
C  [ntdll.dll+0x33021]


---------------  P R O C E S S  ---------------

Java Threads: ( => current thread )

Other Threads:

=>0x000000000034e000 (exited) JavaThread "Unknown thread" [_thread_in_vm, id=6560, stack(0x0000000002560000,0x0000000002660000)]

VM state:not at safepoint (not fully initialized)

VM Mutex/Monitor currently owned by a thread: None

GC Heap History (0 events):
No events

Deoptimization events (0 events):
No events

Internal exceptions (0 events):
No events

Events (10 events):
Event: 0.067 loading class java/lang/CharSequence done
Event: 0.067 loading class java/lang/String done
Event: 0.067 loading class java/lang/Class
Event: 0.067 loading class java/lang/reflect/AnnotatedElement
Event: 0.067 loading class java/lang/reflect/AnnotatedElement done
Event: 0.067 loading class java/lang/reflect/GenericDeclaration
Event: 0.068 loading class java/lang/reflect/GenericDeclaration done
Event: 0.068 loading class java/lang/reflect/Type
Event: 0.068 loading class java/lang/reflect/Type done
Event: 0.068 loading class java/lang/Class done


Dynamic libraries:
0x000000013fb50000 - 0x000000013fb84000 	C:\Program Files\Java\jre8\bin\javaw.exe
0x0000000077740000 - 0x00000000778eb000 	C:\Windows\SYSTEM32\ntdll.dll
0x0000000077620000 - 0x000000007773f000 	C:\Windows\system32\kernel32.dll
0x000007fefd750000 - 0x000007fefd7bb000 	C:\Windows\system32\KERNELBASE.dll
0x000007fefe160000 - 0x000007fefe23b000 	C:\Windows\system32\ADVAPI32.dll
0x000007fefe5b0000 - 0x000007fefe64f000 	C:\Windows\system32\msvcrt.dll
0x000007fefe550000 - 0x000007fefe56f000 	C:\Windows\SYSTEM32\sechost.dll
0x000007fefe030000 - 0x000007fefe15e000 	C:\Windows\system32\RPCRT4.dll
0x0000000077520000 - 0x000000007761a000 	C:\Windows\system32\USER32.dll
0x000007feff3e0000 - 0x000007feff447000 	C:\Windows\system32\GDI32.dll
0x000007fefe5a0000 - 0x000007fefe5ae000 	C:\Windows\system32\LPK.dll
0x000007feff980000 - 0x000007feffa4a000 	C:\Windows\system32\USP10.dll
0x000007fefb6d0000 - 0x000007fefb8c4000 	C:\Windows\WinSxS\amd64_microsoft.windows.common-controls_6595b64144ccf1df_6.0.7600.16661_none_fa62ad231704eab7\COMCTL32.dll
0x000007feff650000 - 0x000007feff6c1000 	C:\Windows\system32\SHLWAPI.dll
0x000007fefe570000 - 0x000007fefe59e000 	C:\Windows\system32\IMM32.DLL
0x000007feff450000 - 0x000007feff559000 	C:\Windows\system32\MSCTF.dll
0x000000005c970000 - 0x000000005ca42000 	C:\Program Files\Java\jre8\bin\msvcr100.dll
0x000000005c140000 - 0x000000005c96a000 	C:\Program Files\Java\jre8\bin\server\jvm.dll
0x000007feefff0000 - 0x000007feefff9000 	C:\Windows\system32\WSOCK32.dll
0x000007feff6d0000 - 0x000007feff71d000 	C:\Windows\system32\WS2_32.dll
0x000007fefe260000 - 0x000007fefe268000 	C:\Windows\system32\NSI.dll
0x000007fefc3c0000 - 0x000007fefc3fb000 	C:\Windows\system32\WINMM.dll
0x0000000077910000 - 0x0000000077917000 	C:\Windows\system32\PSAPI.DLL
0x00000000673e0000 - 0x00000000673ef000 	C:\Program Files\Java\jre8\bin\verify.dll
0x000000005fdc0000 - 0x000000005fde8000 	C:\Program Files\Java\jre8\bin\java.dll
0x0000000060230000 - 0x0000000060246000 	C:\Program Files\Java\jre8\bin\zip.dll
0x000007fef3ea0000 - 0x000007fef3fc5000 	C:\Windows\system32\dbghelp.dll

VM Arguments:
jvm_args: -Dfile.encoding=Cp1252 -Xbootclasspath:C:\Users\Vincent\Documents\Programmation\adt-bundle-windows-x86_64-20140321\sdk\platforms\android-15\android.jar 
java_command: controleur.Controleur
java_class_path (initial): C:\Users\Vincent\Documents\Programmation\Volley\android-support-v7-appcompat\libs\android-support-v4.jar;C:\Users\Vincent\Documents\Programmation\Volley\android-support-v7-appcompat\libs\android-support-v7-appcompat.jar;C:\Users\Vincent\Documents\Programmation\Volley\android-support-v7-appcompat\bin\android-support-v7-appcompat.jar;C:\Users\Vincent\Documents\Programmation\adt-bundle-windows-x86_64-20140321\sdk\tools\support\annotations.jar;C:\Users\Vincent\Documents\Programmation\Volley\projet-volley-android\bin\classes
Launcher Type: SUN_STANDARD

Environment Variables:
CLASSPATH=.;C:\Program Files (x86)\Java\jre6\lib\ext\QTJava.zip
PATH=C:\Program Files\Common Files\Microsoft Shared\Windows Live;C:\Program Files (x86)\NVIDIA Corporation\PhysX\Common;C:\Windows\system32;C:\Windows;C:\Windows\System32\Wbem;C:\Windows\System32\WindowsPowerShell\v1.0\;C:\Program Files\Broadcom\Broadcom 802.11\Driver;C:\Program Files (x86)\Common Files\Ulead Systems\MPEG;C:\Program Files (x86)\QuickTime\QTSystem\;C:\Program Files (x86)\Druide\Antidote 7\Programmes32;C:\Program Files (x86)\Druide\Antidote 7\Programmes64;C:\Program Files\nodejs\;C:\Program Files\TortoiseSVN\bin;C:\Program Files\Common Files\Microsoft Shared\Windows Live;C:\GNAT\2011\bin;C:\Users\Vincent\AppData\Roaming\npm
USERNAME=Vincent
OS=Windows_NT
PROCESSOR_IDENTIFIER=Intel64 Family 6 Model 37 Stepping 2, GenuineIntel



---------------  S Y S T E M  ---------------

OS: Windows 7 , 64 bit Build 7600 

CPU:total 4 (2 cores per cpu, 2 threads per core) family 6 model 37 stepping 2, cmov, cx8, fxsr, mmx, sse, sse2, sse3, ssse3, sse4.1, sse4.2, popcnt, ht, tsc, tscinvbit

Memory: 4k page, physical 6282104k(2577356k free), swap 12562308k(7767872k free)

vm_info: Java HotSpot(TM) 64-Bit Server VM (25.0-b70) for windows-amd64 JRE (1.8.0-b132), built on Mar  4 2014 03:46:18 by "java_re" with MS VC++ 10.0 (VS2010)

time: Wed May 21 14:00:36 2014
elapsed time: 0 seconds

