#
# A fatal error has been detected by the Java Runtime Environment:
#
#  Internal Error (javaClasses.cpp:136), pid=1620, tid=4436
#  fatal error: Invalid layout of preloaded class
#
# JRE version:  (7.0_45-b18) (build )
# Java VM: Java HotSpot(TM) 64-Bit Server VM (24.45-b08 mixed mode windows-amd64 compressed oops)
# Failed to write core dump. Minidumps are not enabled by default on client versions of Windows
#
# If you would like to submit a bug report, please visit:
#   http://bugreport.sun.com/bugreport/crash.jsp
#

---------------  T H R E A D  ---------------

Current thread (0x000000000024d800):  JavaThread "Unknown thread" [_thread_in_vm, id=4436, stack(0x00000000022f0000,0x00000000023f0000)]

Stack: [0x00000000022f0000,0x00000000023f0000]

---------------  P R O C E S S  ---------------

Java Threads: ( => current thread )

Other Threads:

=>0x000000000024d800 (exited) JavaThread "Unknown thread" [_thread_in_vm, id=4436, stack(0x00000000022f0000,0x00000000023f0000)]

VM state:not at safepoint (not fully initialized)

VM Mutex/Monitor currently owned by a thread: None

GC Heap History (0 events):
No events

Deoptimization events (0 events):
No events

Internal exceptions (0 events):
No events

Events (10 events):
Event: 0.008 loading class 0x0000000002150b60 done
Event: 0.008 loading class 0x0000000002150580 done
Event: 0.008 loading class 0x0000000002150560
Event: 0.008 loading class 0x0000000002158660
Event: 0.008 loading class 0x0000000002158660 done
Event: 0.008 loading class 0x0000000002158690
Event: 0.008 loading class 0x0000000002158690 done
Event: 0.008 loading class 0x00000000021586c0
Event: 0.008 loading class 0x00000000021586c0 done
Event: 0.008 loading class 0x0000000002150560 done


Dynamic libraries:
0x000000013fd50000 - 0x000000013fd83000 	C:\Program Files\Java\jdk1.7.0_45\bin\javaw.exe
0x0000000077180000 - 0x0000000077329000 	C:\Windows\SYSTEM32\ntdll.dll
0x0000000077060000 - 0x000000007717f000 	C:\Windows\system32\kernel32.dll
0x000007fefd080000 - 0x000007fefd0eb000 	C:\Windows\system32\KERNELBASE.dll
0x000007fefe8c0000 - 0x000007fefe99b000 	C:\Windows\system32\ADVAPI32.dll
0x000007fefd920000 - 0x000007fefd9bf000 	C:\Windows\system32\msvcrt.dll
0x000007feff470000 - 0x000007feff48f000 	C:\Windows\SYSTEM32\sechost.dll
0x000007fefd4e0000 - 0x000007fefd60d000 	C:\Windows\system32\RPCRT4.dll
0x0000000076f60000 - 0x000000007705a000 	C:\Windows\system32\USER32.dll
0x000007fefebb0000 - 0x000007fefec17000 	C:\Windows\system32\GDI32.dll
0x000007fefe850000 - 0x000007fefe85e000 	C:\Windows\system32\LPK.dll
0x000007fefeeb0000 - 0x000007fefef79000 	C:\Windows\system32\USP10.dll
0x000007fefb9b0000 - 0x000007fefbba4000 	C:\Windows\WinSxS\amd64_microsoft.windows.common-controls_6595b64144ccf1df_6.0.7601.17514_none_fa396087175ac9ac\COMCTL32.dll
0x000007fefda40000 - 0x000007fefdab1000 	C:\Windows\system32\SHLWAPI.dll
0x000007fefe9a0000 - 0x000007fefe9ce000 	C:\Windows\system32\IMM32.DLL
0x000007fefec20000 - 0x000007fefed29000 	C:\Windows\system32\MSCTF.dll
0x0000000066f20000 - 0x0000000066ff2000 	C:\Program Files\Java\jdk1.7.0_45\jre\bin\msvcr100.dll
0x000000005e7a0000 - 0x000000005ef69000 	C:\Program Files\Java\jdk1.7.0_45\jre\bin\server\jvm.dll
0x000007fefb6c0000 - 0x000007fefb6c9000 	C:\Windows\system32\WSOCK32.dll
0x000007fefd610000 - 0x000007fefd65d000 	C:\Windows\system32\WS2_32.dll
0x000007fefd870000 - 0x000007fefd878000 	C:\Windows\system32\NSI.dll
0x000007fefa9e0000 - 0x000007fefaa1b000 	C:\Windows\system32\WINMM.dll
0x0000000077350000 - 0x0000000077357000 	C:\Windows\system32\PSAPI.DLL
0x00000000741d0000 - 0x00000000741df000 	C:\Program Files\Java\jdk1.7.0_45\jre\bin\verify.dll
0x000000006e440000 - 0x000000006e468000 	C:\Program Files\Java\jdk1.7.0_45\jre\bin\java.dll
0x000000006e480000 - 0x000000006e495000 	C:\Program Files\Java\jdk1.7.0_45\jre\bin\zip.dll

VM Arguments:
jvm_args: -Dfile.encoding=Cp1252 -Xbootclasspath:C:\Users\Warhed\AppData\Local\Android\android-sdk\platforms\android-15\android.jar 
java_command: modele.TestAFD
Launcher Type: SUN_STANDARD

Environment Variables:
PATH=C:/Program Files/Java/jdk1.7.0_45/bin/../jre/bin/server;C:/Program Files/Java/jdk1.7.0_45/bin/../jre/bin;C:/Program Files/Java/jdk1.7.0_45/bin/../jre/lib/amd64;C:\Program Files\MiKTeX 2.9\miktex\bin\x64\;C:\Program Files (x86)\ATI Technologies\ATI.ACE\Core-Static;C:\gtk\bin;C:\Program Files\TortoiseSVN\bin;C:\Program Files\doxygen\bin;C:\Program Files\Java\jdk1.7.0_45\bin;D:\Programmation\Java\eclipse;
USERNAME=Warhed
OS=Windows_NT
PROCESSOR_IDENTIFIER=AMD64 Family 16 Model 4 Stepping 3, AuthenticAMD



---------------  S Y S T E M  ---------------

OS: Windows 7 , 64 bit Build 7601 Service Pack 1

CPU:total 4 (4 cores per cpu, 1 threads per core) family 16 model 4 stepping 3, cmov, cx8, fxsr, mmx, sse, sse2, sse3, popcnt, mmxext, 3dnowpref, lzcnt, sse4a, tsc, tscinvbit, tscinv

Memory: 4k page, physical 4191460k(1436320k free), swap 8381056k(4604768k free)

vm_info: Java HotSpot(TM) 64-Bit Server VM (24.45-b08) for windows-amd64 JRE (1.7.0_45-b18), built on Oct  8 2013 05:47:22 by "java_re" with unknown MS VC++:1600

time: Sun Apr 13 14:33:26 2014
elapsed time: 0 seconds

